Traceback (most recent call last):
  File "/opt/hostedtoolcache/Python/3.12.4/x64/lib/python3.12/site-packages/jupyter_cache/executors/utils.py", line 58, in single_nb_execution
    executenb(
  File "/opt/hostedtoolcache/Python/3.12.4/x64/lib/python3.12/site-packages/nbclient/client.py", line 1314, in execute
    return NotebookClient(nb=nb, resources=resources, km=km, **kwargs).execute()
           ^^^^^^^^^^^^^^^^^^^^^^^^^^^^^^^^^^^^^^^^^^^^^^^^^^^^^^^^^^^^^^^^^^^^^
  File "/opt/hostedtoolcache/Python/3.12.4/x64/lib/python3.12/site-packages/jupyter_core/utils/__init__.py", line 165, in wrapped
    return loop.run_until_complete(inner)
           ^^^^^^^^^^^^^^^^^^^^^^^^^^^^^^
  File "/opt/hostedtoolcache/Python/3.12.4/x64/lib/python3.12/asyncio/base_events.py", line 687, in run_until_complete
    return future.result()
           ^^^^^^^^^^^^^^^
  File "/opt/hostedtoolcache/Python/3.12.4/x64/lib/python3.12/site-packages/nbclient/client.py", line 709, in async_execute
    await self.async_execute_cell(
  File "/opt/hostedtoolcache/Python/3.12.4/x64/lib/python3.12/site-packages/nbclient/client.py", line 1062, in async_execute_cell
    await self._check_raise_for_error(cell, cell_index, exec_reply)
  File "/opt/hostedtoolcache/Python/3.12.4/x64/lib/python3.12/site-packages/nbclient/client.py", line 918, in _check_raise_for_error
    raise CellExecutionError.from_cell_and_msg(cell, exec_reply_content)
nbclient.exceptions.CellExecutionError: An error occurred while executing the following cell:
------------------
md = run_sim(256, 0.1, my_group, [0, 0], pos_frames=1000, w=[1])
------------------

----- stdout -----
Trying on  0
------------------

[0;31m---------------------------------------------------------------------------[0m
[0;31mModuleNotFoundError[0m                       Traceback (most recent call last)
Cell [0;32mIn[4], line 1[0m
[0;32m----> 1[0m md [38;5;241m=[39m [43mrun_sim[49m[43m([49m[38;5;241;43m256[39;49m[43m,[49m[43m [49m[38;5;241;43m0.1[39;49m[43m,[49m[43m [49m[43mmy_group[49m[43m,[49m[43m [49m[43m[[49m[38;5;241;43m0[39;49m[43m,[49m[43m [49m[38;5;241;43m0[39;49m[43m][49m[43m,[49m[43m [49m[43mpos_frames[49m[38;5;241;43m=[39;49m[38;5;241;43m1000[39;49m[43m,[49m[43m [49m[43mw[49m[38;5;241;43m=[39;49m[43m[[49m[38;5;241;43m1[39;49m[43m][49m[43m)[49m

Cell [0;32mIn[3], line 8[0m, in [0;36mrun_sim[0;34m(n, number_density, group, images, w, retries, pos_frames, steps)[0m
[1;32m      6[0m [38;5;28;01mtry[39;00m:
[1;32m      7[0m     np[38;5;241m.[39mrandom[38;5;241m.[39mseed(i)
[0;32m----> 8[0m     cell [38;5;241m=[39m [43msymd[49m[38;5;241;43m.[39;49m[43mgroups[49m[38;5;241;43m.[39;49m[43mget_cell[49m[43m([49m[43mnumber_density[49m[43m,[49m[43m [49m[43mgroup[49m[43m,[49m[43m [49m[38;5;241;43m2[39;49m[43m,[49m[43m [49m[43mn[49m[43m,[49m[43m [49m[43mw[49m[43m)[49m
[1;32m      9[0m     md [38;5;241m=[39m symd[38;5;241m.[39mSymd(
[1;32m     10[0m         nparticles[38;5;241m=[39mn,
[1;32m     11[0m         cell[38;5;241m=[39mcell,
[0;32m   (...)[0m
[1;32m     21[0m         pressure[38;5;241m=[39m[38;5;241m0.25[39m,
[1;32m     22[0m     )
[1;32m     23[0m     md[38;5;241m.[39mremove_overlap()

File [0;32m/opt/hostedtoolcache/Python/3.12.4/x64/lib/python3.12/site-packages/symd/groups.py:653[0m, in [0;36mget_cell[0;34m(number_density, group, dim, n, w)[0m
[1;32m    636[0m [38;5;28;01mdef[39;00m [38;5;21mget_cell[39m(
[1;32m    637[0m     number_density: [38;5;28mfloat[39m,
[1;32m    638[0m     group: Union[[38;5;28mint[39m, Group],
[0;32m   (...)[0m
[1;32m    641[0m     w: Optional[List[[38;5;28mint[39m]] [38;5;241m=[39m [38;5;28;01mNone[39;00m,
[1;32m    642[0m ) [38;5;241m-[39m[38;5;241m>[39m List[[38;5;28mfloat[39m]:
[1;32m    643[0m [38;5;250m    [39m[38;5;124;03m"""[39;00m
[1;32m    644[0m [38;5;124;03m    Compute unit cell given number density, group, and number of particles in asymmetric unit.[39;00m
[1;32m    645[0m 
[0;32m   (...)[0m
[1;32m    651[0m [38;5;124;03m    :return: flattened unit cell (for use in symd MD engine)[39;00m
[1;32m    652[0m [38;5;124;03m    """[39;00m
[0;32m--> 653[0m     [38;5;28;01mimport[39;00m [38;5;21;01mscipy[39;00m[38;5;21;01m.[39;00m[38;5;21;01moptimize[39;00m [38;5;28;01mas[39;00m [38;5;21;01mopt[39;00m
[1;32m    655[0m     [38;5;28;01mif[39;00m w [38;5;129;01mis[39;00m [38;5;28;01mNone[39;00m:
[1;32m    656[0m         w [38;5;241m=[39m []

[0;31mModuleNotFoundError[0m: No module named 'scipy'

